# JRE version: OpenJDK Runtime Environment Temurin-17.0.11+9 (17.0.11+9) (build 17.0.11+9)
# Java VM: OpenJDK Client VM Temurin-17.0.11+9 (17.0.11+9, mixed mode, emulated-client, serial gc, windows-x86)
GC Precious Log:
 CPUs: 16 total, 16 available
 Memory: 15775M
 Large Page Support: Disabled
 NUMA Support: Disabled
 Compressed Oops: Disabled
 Heap Min Capacity: 6M
 Heap Initial Capacity: 16M
 Heap Max Capacity: 1536M
 Pre-touch: Disabled
Heap:
 def new generation   total 86912K, used 35086K [0x04c00000, 0x0aa40000, 0x24c00000)
  eden space 77312K,  38% used [0x04c00000, 0x06941af0, 0x09780000)
  from space 9600K,  53% used [0x0a0e0000, 0x0a5e1f08, 0x0aa40000)
  to   space 9600K,   0% used [0x09780000, 0x09780000, 0x0a0e0000)
 tenured generation   total 190952K, used 164143K [0x24c00000, 0x3067a000, 0x64c00000)
   the space 190952K,  85% used [0x24c00000, 0x2ec4bc88, 0x2ec4be00, 0x3067a000)
 Metaspace       used 97521K, committed 98048K, reserved 98304K
GC Heap History (20 events):
Event: 110.481 GC heap before
{Heap before GC invocations=250 (full 6):
 def new generation   total 50432K, used 5567K [0x04c00000, 0x082b0000, 0x24c00000)
  eden space 44864K,   0% used [0x04c00000, 0x04c00000, 0x077d0000)
  from space 5568K,  99% used [0x07d40000, 0x082afff8, 0x082b0000)
  to   space 5568K,   0% used [0x077d0000, 0x077d0000, 0x07d40000)
 tenured generation   total 118756K, used 118700K [0x24c00000, 0x2bff9000, 0x64c00000)
   the space 118756K,  99% used [0x24c00000, 0x2bfeb130, 0x2bfeb200, 0x2bff9000)
 Metaspace       used 84917K, committed 85440K, reserved 98304K
}
Event: 110.821 GC heap after
{Heap after GC invocations=250 (full 7):
 def new generation   total 86912K, used 0K [0x04c00000, 0x0aa40000, 0x24c00000)
  eden space 77312K,   0% used [0x04c00000, 0x04c00000, 0x09780000)
  from space 9600K,   0% used [0x09780000, 0x09780000, 0x0a0e0000)
  to   space 9600K,   0% used [0x0a0e0000, 0x0a0e0000, 0x0aa40000)
 tenured generation   total 190952K, used 114569K [0x24c00000, 0x3067a000, 0x64c00000)
   the space 190952K,  59% used [0x24c00000, 0x2bbe2648, 0x2bbe2800, 0x3067a000)
 Metaspace       used 84861K, committed 85440K, reserved 98304K
}
Event: 111.415 GC heap before
{Heap before GC invocations=250 (full 7):
 def new generation   total 86912K, used 77312K [0x04c00000, 0x0aa40000, 0x24c00000)
  eden space 77312K, 100% used [0x04c00000, 0x09780000, 0x09780000)
  from space 9600K,   0% used [0x09780000, 0x09780000, 0x0a0e0000)
  to   space 9600K,   0% used [0x0a0e0000, 0x0a0e0000, 0x0aa40000)
 tenured generation   total 190952K, used 114569K [0x24c00000, 0x3067a000, 0x64c00000)
   the space 190952K,  59% used [0x24c00000, 0x2bbe2648, 0x2bbe2800, 0x3067a000)
 Metaspace       used 84861K, committed 85440K, reserved 98304K
}
Event: 111.509 GC heap after
{Heap after GC invocations=251 (full 7):
 def new generation   total 86912K, used 9599K [0x04c00000, 0x0aa40000, 0x24c00000)
  eden space 77312K,   0% used [0x04c00000, 0x04c00000, 0x09780000)
  from space 9600K,  99% used [0x0a0e0000, 0x0aa3fff8, 0x0aa40000)
  to   space 9600K,   0% used [0x09780000, 0x09780000, 0x0a0e0000)
 tenured generation   total 190952K, used 122764K [0x24c00000, 0x3067a000, 0x64c00000)
   the space 190952K,  64% used [0x24c00000, 0x2c3e3058, 0x2c3e3200, 0x3067a000)
 Metaspace       used 84861K, committed 85440K, reserved 98304K
}
Event: 112.011 GC heap before
{Heap before GC invocations=251 (full 7):
 def new generation   total 86912K, used 86911K [0x04c00000, 0x0aa40000, 0x24c00000)
  eden space 77312K, 100% used [0x04c00000, 0x09780000, 0x09780000)
  from space 9600K,  99% used [0x0a0e0000, 0x0aa3fff8, 0x0aa40000)
  to   space 9600K,   0% used [0x09780000, 0x09780000, 0x0a0e0000)
 tenured generation   total 190952K, used 122764K [0x24c00000, 0x3067a000, 0x64c00000)
   the space 190952K,  64% used [0x24c00000, 0x2c3e3058, 0x2c3e3200, 0x3067a000)
 Metaspace       used 84861K, committed 85440K, reserved 98304K
}
Event: 112.131 GC heap after
{Heap after GC invocations=252 (full 7):
 def new generation   total 86912K, used 9600K [0x04c00000, 0x0aa40000, 0x24c00000)
  eden space 77312K,   0% used [0x04c00000, 0x04c00000, 0x09780000)
  from space 9600K, 100% used [0x09780000, 0x0a0e0000, 0x0a0e0000)
  to   space 9600K,   0% used [0x0a0e0000, 0x0a0e0000, 0x0aa40000)
 tenured generation   total 190952K, used 141482K [0x24c00000, 0x3067a000, 0x64c00000)
   the space 190952K,  74% used [0x24c00000, 0x2d62abe0, 0x2d62ac00, 0x3067a000)
 Metaspace       used 84861K, committed 85440K, reserved 98304K
}
Event: 112.919 GC heap before
{Heap before GC invocations=252 (full 7):
 def new generation   total 86912K, used 86912K [0x04c00000, 0x0aa40000, 0x24c00000)
  eden space 77312K, 100% used [0x04c00000, 0x09780000, 0x09780000)
  from space 9600K, 100% used [0x09780000, 0x0a0e0000, 0x0a0e0000)
  to   space 9600K,   0% used [0x0a0e0000, 0x0a0e0000, 0x0aa40000)
 tenured generation   total 190952K, used 141482K [0x24c00000, 0x3067a000, 0x64c00000)
   the space 190952K,  74% used [0x24c00000, 0x2d62abe0, 0x2d62ac00, 0x3067a000)
 Metaspace       used 87457K, committed 88000K, reserved 98304K
}
Event: 112.984 GC heap after
{Heap after GC invocations=253 (full 7):
 def new generation   total 86912K, used 9600K [0x04c00000, 0x0aa40000, 0x24c00000)
  eden space 77312K,   0% used [0x04c00000, 0x04c00000, 0x09780000)
  from space 9600K, 100% used [0x0a0e0000, 0x0aa40000, 0x0aa40000)
  to   space 9600K,   0% used [0x09780000, 0x09780000, 0x0a0e0000)
 tenured generation   total 190952K, used 152043K [0x24c00000, 0x3067a000, 0x64c00000)
   the space 190952K,  79% used [0x24c00000, 0x2e07aea0, 0x2e07b000, 0x3067a000)
 Metaspace       used 87457K, committed 88000K, reserved 98304K
}
Event: 114.075 GC heap before
{Heap before GC invocations=253 (full 7):
 def new generation   total 86912K, used 86912K [0x04c00000, 0x0aa40000, 0x24c00000)
  eden space 77312K, 100% used [0x04c00000, 0x09780000, 0x09780000)
  from space 9600K, 100% used [0x0a0e0000, 0x0aa40000, 0x0aa40000)
  to   space 9600K,   0% used [0x09780000, 0x09780000, 0x0a0e0000)
 tenured generation   total 190952K, used 152043K [0x24c00000, 0x3067a000, 0x64c00000)
   the space 190952K,  79% used [0x24c00000, 0x2e07aea0, 0x2e07b000, 0x3067a000)
 Metaspace       used 89896K, committed 90432K, reserved 98304K
}
Event: 114.114 GC heap after
{Heap after GC invocations=254 (full 7):
 def new generation   total 86912K, used 4912K [0x04c00000, 0x0aa40000, 0x24c00000)
  eden space 77312K,   0% used [0x04c00000, 0x04c00000, 0x09780000)
  from space 9600K,  51% used [0x09780000, 0x09c4c040, 0x0a0e0000)
  to   space 9600K,   0% used [0x0a0e0000, 0x0a0e0000, 0x0aa40000)
 tenured generation   total 190952K, used 161562K [0x24c00000, 0x3067a000, 0x64c00000)
   the space 190952K,  84% used [0x24c00000, 0x2e9c6898, 0x2e9c6a00, 0x3067a000)
 Metaspace       used 89896K, committed 90432K, reserved 98304K
}
Event: 114.791 GC heap before
{Heap before GC invocations=254 (full 7):
 def new generation   total 86912K, used 82224K [0x04c00000, 0x0aa40000, 0x24c00000)
  eden space 77312K, 100% used [0x04c00000, 0x09780000, 0x09780000)
  from space 9600K,  51% used [0x09780000, 0x09c4c040, 0x0a0e0000)
  to   space 9600K,   0% used [0x0a0e0000, 0x0a0e0000, 0x0aa40000)
 tenured generation   total 190952K, used 161562K [0x24c00000, 0x3067a000, 0x64c00000)
   the space 190952K,  84% used [0x24c00000, 0x2e9c6898, 0x2e9c6a00, 0x3067a000)
 Metaspace       used 91291K, committed 91840K, reserved 98304K
}
Event: 114.821 GC heap after
{Heap after GC invocations=255 (full 7):
 def new generation   total 86912K, used 3183K [0x04c00000, 0x0aa40000, 0x24c00000)
  eden space 77312K,   0% used [0x04c00000, 0x04c00000, 0x09780000)
  from space 9600K,  33% used [0x0a0e0000, 0x0a3fbe48, 0x0aa40000)
  to   space 9600K,   0% used [0x09780000, 0x09780000, 0x0a0e0000)
 tenured generation   total 190952K, used 164143K [0x24c00000, 0x3067a000, 0x64c00000)
   the space 190952K,  85% used [0x24c00000, 0x2ec4bc88, 0x2ec4be00, 0x3067a000)
 Metaspace       used 91291K, committed 91840K, reserved 98304K
}
Event: 115.353 GC heap before
{Heap before GC invocations=255 (full 7):
 def new generation   total 86912K, used 80495K [0x04c00000, 0x0aa40000, 0x24c00000)
  eden space 77312K, 100% used [0x04c00000, 0x09780000, 0x09780000)
  from space 9600K,  33% used [0x0a0e0000, 0x0a3fbe48, 0x0aa40000)
  to   space 9600K,   0% used [0x09780000, 0x09780000, 0x0a0e0000)
 tenured generation   total 190952K, used 164143K [0x24c00000, 0x3067a000, 0x64c00000)
   the space 190952K,  85% used [0x24c00000, 0x2ec4bc88, 0x2ec4be00, 0x3067a000)
 Metaspace       used 93760K, committed 94272K, reserved 98304K
}
Event: 115.371 GC heap after
{Heap after GC invocations=256 (full 7):
 def new generation   total 86912K, used 3418K [0x04c00000, 0x0aa40000, 0x24c00000)
  eden space 77312K,   0% used [0x04c00000, 0x04c00000, 0x09780000)
  from space 9600K,  35% used [0x09780000, 0x09ad6870, 0x0a0e0000)
  to   space 9600K,   0% used [0x0a0e0000, 0x0a0e0000, 0x0aa40000)
 tenured generation   total 190952K, used 164143K [0x24c00000, 0x3067a000, 0x64c00000)
   the space 190952K,  85% used [0x24c00000, 0x2ec4bc88, 0x2ec4be00, 0x3067a000)
 Metaspace       used 93760K, committed 94272K, reserved 98304K
}
Event: 115.511 GC heap before
{Heap before GC invocations=256 (full 7):
 def new generation   total 86912K, used 80730K [0x04c00000, 0x0aa40000, 0x24c00000)
  eden space 77312K, 100% used [0x04c00000, 0x09780000, 0x09780000)
  from space 9600K,  35% used [0x09780000, 0x09ad6870, 0x0a0e0000)
  to   space 9600K,   0% used [0x0a0e0000, 0x0a0e0000, 0x0aa40000)
 tenured generation   total 190952K, used 164143K [0x24c00000, 0x3067a000, 0x64c00000)
   the space 190952K,  85% used [0x24c00000, 0x2ec4bc88, 0x2ec4be00, 0x3067a000)
 Metaspace       used 93826K, committed 94336K, reserved 98304K
}
Event: 115.525 GC heap after
{Heap after GC invocations=257 (full 7):
 def new generation   total 86912K, used 3422K [0x04c00000, 0x0aa40000, 0x24c00000)
  eden space 77312K,   0% used [0x04c00000, 0x04c00000, 0x09780000)
  from space 9600K,  35% used [0x0a0e0000, 0x0a4378f0, 0x0aa40000)
  to   space 9600K,   0% used [0x09780000, 0x09780000, 0x0a0e0000)
 tenured generation   total 190952K, used 164143K [0x24c00000, 0x3067a000, 0x64c00000)
   the space 190952K,  85% used [0x24c00000, 0x2ec4bc88, 0x2ec4be00, 0x3067a000)
 Metaspace       used 93826K, committed 94336K, reserved 98304K
}
Event: 116.358 GC heap before
{Heap before GC invocations=257 (full 7):
 def new generation   total 86912K, used 80734K [0x04c00000, 0x0aa40000, 0x24c00000)
  eden space 77312K, 100% used [0x04c00000, 0x09780000, 0x09780000)
  from space 9600K,  35% used [0x0a0e0000, 0x0a4378f0, 0x0aa40000)
  to   space 9600K,   0% used [0x09780000, 0x09780000, 0x0a0e0000)
 tenured generation   total 190952K, used 164143K [0x24c00000, 0x3067a000, 0x64c00000)
   the space 190952K,  85% used [0x24c00000, 0x2ec4bc88, 0x2ec4be00, 0x3067a000)
 Metaspace       used 95771K, committed 96320K, reserved 98304K
}
Event: 116.394 GC heap after
{Heap after GC invocations=258 (full 7):
 def new generation   total 86912K, used 4655K [0x04c00000, 0x0aa40000, 0x24c00000)
  eden space 77312K,   0% used [0x04c00000, 0x04c00000, 0x09780000)
  from space 9600K,  48% used [0x09780000, 0x09c0bd30, 0x0a0e0000)
  to   space 9600K,   0% used [0x0a0e0000, 0x0a0e0000, 0x0aa40000)
 tenured generation   total 190952K, used 164143K [0x24c00000, 0x3067a000, 0x64c00000)
   the space 190952K,  85% used [0x24c00000, 0x2ec4bc88, 0x2ec4be00, 0x3067a000)
 Metaspace       used 95771K, committed 96320K, reserved 98304K
}
Event: 117.212 GC heap before
{Heap before GC invocations=258 (full 7):
 def new generation   total 86912K, used 81967K [0x04c00000, 0x0aa40000, 0x24c00000)
  eden space 77312K,  99% used [0x04c00000, 0x0977f280, 0x09780000)
  from space 9600K,  48% used [0x09780000, 0x09c0cd40, 0x0a0e0000)
  to   space 9600K,   0% used [0x0a0e0000, 0x0a0e0000, 0x0aa40000)
 tenured generation   total 190952K, used 164143K [0x24c00000, 0x3067a000, 0x64c00000)
   the space 190952K,  85% used [0x24c00000, 0x2ec4bc88, 0x2ec4be00, 0x3067a000)
 Metaspace       used 97140K, committed 97728K, reserved 98304K
}
Event: 117.233 GC heap after
{Heap after GC invocations=259 (full 7):
 def new generation   total 86912K, used 5127K [0x04c00000, 0x0aa40000, 0x24c00000)
  eden space 77312K,   0% used [0x04c00000, 0x04c00000, 0x09780000)
  from space 9600K,  53% used [0x0a0e0000, 0x0a5e1f08, 0x0aa40000)
  to   space 9600K,   0% used [0x09780000, 0x09780000, 0x0a0e0000)
 tenured generation   total 190952K, used 164143K [0x24c00000, 0x3067a000, 0x64c00000)
   the space 190952K,  85% used [0x24c00000, 0x2ec4bc88, 0x2ec4be00, 0x3067a000)
 Metaspace       used 97140K, committed 97728K, reserved 98304K
}

